<?xml version="1.0" encoding="UTF-8"?>
<!-- Generated by org.testng.reporters.JUnitReportReporter -->
<testsuite skipped="0" hostname="DESKTOP-E2LC1BH" name="PackTwo.DependenyAnnotion" tests="1" failures="0" timestamp="22 九月 2017 03:03:38 GMT" time="0.001" errors="0">
  <testcase name="payment" time="0.001" classname="PackTwo.DependenyAnnotion"/>
</testsuite> <!-- PackTwo.DependenyAnnotion -->
