<?xml version="1.0" encoding="UTF-8"?>
<!-- Generated by org.testng.reporters.JUnitReportReporter -->
<testsuite skipped="0" hostname="DESKTOP-E2LC1BH" name="datadriven.Annotaitons" tests="3" failures="0" timestamp="22 九月 2017 02:44:08 GMT" time="0.004" errors="0">
  <testcase name="Userid" time="0.000" classname="datadriven.Annotaitons"/>
  <testcase name="Userid" time="0.003" classname="datadriven.Annotaitons"/>
  <testcase name="Userid" time="0.001" classname="datadriven.Annotaitons"/>
</testsuite> <!-- datadriven.Annotaitons -->
