<?xml version="1.0" encoding="UTF-8"?>
<!-- Generated by org.testng.reporters.JUnitReportReporter -->
<testsuite skipped="0" hostname="DESKTOP-E2LC1BH" name="TestNG.Annotaitons" tests="1" failures="0" timestamp="22 九月 2017 08:15:22 GMT" time="0.000" errors="0">
  <testcase name="test" time="0.000" classname="TestNG.Annotaitons"/>
</testsuite> <!-- TestNG.Annotaitons -->
