<?xml version="1.0" encoding="UTF-8"?>
<!-- Generated by org.testng.reporters.JUnitReportReporter -->
<testsuite skipped="0" hostname="DESKTOP-E2LC1BH" name="datadriven.parametertest" tests="3" failures="0" timestamp="22 九月 2017 05:38:16 GMT" time="3.709" errors="0">
  <testcase name="Login" time="3.709" classname="datadriven.parametertest"/>
  <testcase name="something2" time="0.000" classname="datadriven.parametertest"/>
  <testcase name="something" time="0.000" classname="datadriven.parametertest"/>
</testsuite> <!-- datadriven.parametertest -->
