<?xml version="1.0" encoding="UTF-8"?>
<!-- Generated by org.testng.reporters.JUnitReportReporter -->
<testsuite skipped="0" hostname="DESKTOP-E2LC1BH" name="datadriven.TestBase" tests="3" failures="0" timestamp="24 十月 2017 07:17:35 GMT" time="5.860" errors="0">
  <testcase name="something2" time="0.001" classname="datadriven.TestBase"/>
  <testcase name="Login" time="5.858" classname="datadriven.TestBase"/>
  <testcase name="something" time="0.001" classname="datadriven.TestBase"/>
</testsuite> <!-- datadriven.TestBase -->
